YFPosClient_new1/app/build/outputs/logs/manifest-merger-debug-report.txt
-- Merging decision tree log ---
manifest
ADDED from src\main\AndroidManifest.xml:1:3-86:12
	package
		ADDED from src\main\AndroidManifest.xml:2:5-38
		INJECTED from src\main\AndroidManifest.xml
		INJECTED from src\main\AndroidManifest.xml
	android:versionName
		ADDED from src\main\AndroidManifest.xml:4:5-30
		INJECTED from src\main\AndroidManifest.xml
		INJECTED from src\main\AndroidManifest.xml
	android:versionCode
		ADDED from src\main\AndroidManifest.xml:3:5-28
		INJECTED from src\main\AndroidManifest.xml
		INJECTED from src\main\AndroidManifest.xml
	xmlns:android
		ADDED from src\main\AndroidManifest.xml:1:13-71
	android:installLocation
		ADDED from src\main\AndroidManifest.xml:4:31-61
uses-sdk
ADDED from src\main\AndroidManifest.xml:6:5-7:38
MERGED from [com.android.support:support-v4:22.2.1] AndroidManifest.xml:20:5-43
	android:targetSdkVersion
		INJECTED from src\main\AndroidManifest.xml
		INJECTED from src\main\AndroidManifest.xml
	android:minSdkVersion
		ADDED from src\main\AndroidManifest.xml:7:9-35
		INJECTED from src\main\AndroidManifest.xml
		INJECTED from src\main\AndroidManifest.xml
uses-permission#android.permission.INTERNET
ADDED from src\main\AndroidManifest.xml:9:5-67
	android:name
		ADDED from src\main\AndroidManifest.xml:9:22-64
uses-permission#android.permission.ACCESS_NETWORK_STATE
ADDED from src\main\AndroidManifest.xml:10:5-79
	android:name
		ADDED from src\main\AndroidManifest.xml:10:22-76
uses-permission#android.permission.WRITE_EXTERNAL_STORAGE
ADDED from src\main\AndroidManifest.xml:11:5-80
	android:name
		ADDED from src\main\AndroidManifest.xml:11:22-78
uses-permission#android.permission.MOUNT_UNMOUNT_FILESYSTEMS
ADDED from src\main\AndroidManifest.xml:12:5-83
	android:name
		ADDED from src\main\AndroidManifest.xml:12:22-81
uses-permission#android.permission.SYSTEM_ALERT_WINDOW
ADDED from src\main\AndroidManifest.xml:13:5-78
	android:name
		ADDED from src\main\AndroidManifest.xml:13:22-75
uses-feature#android.hardware.usb.host
ADDED from src\main\AndroidManifest.xml:14:5-62
	android:name
		ADDED from src\main\AndroidManifest.xml:14:19-59
uses-permission#android.permission.READ_PHONE_STATE
ADDED from src\main\AndroidManifest.xml:15:5-75
	android:name
		ADDED from src\main\AndroidManifest.xml:15:22-72
uses-permission#android.permission.WAKE_LOCK
ADDED from src\main\AndroidManifest.xml:16:5-68
	android:name
		ADDED from src\main\AndroidManifest.xml:16:22-65
application
ADDED from src\main\AndroidManifest.xml:18:5-82:19
MERGED from [com.android.support:support-v4:22.2.1] AndroidManifest.xml:22:5-20
	android:label
		ADDED from src\main\AndroidManifest.xml:22:9-41
	android:allowBackup
		ADDED from src\main\AndroidManifest.xml:20:9-35
	android:icon
		ADDED from src\main\AndroidManifest.xml:21:9-42
	android:theme
		ADDED from src\main\AndroidManifest.xml:23:9-40
	android:name
		ADDED from src\main\AndroidManifest.xml:19:7-28
activity#com.yifengcom.yfposdemo.activity.TerminalActivity
ADDED from src\main\AndroidManifest.xml:26:10-34:20
	android:screenOrientation
		ADDED from src\main\AndroidManifest.xml:29:13-49
	android:label
		ADDED from src\main\AndroidManifest.xml:28:13-45
	android:name
		ADDED from src\main\AndroidManifest.xml:27:13-54
intent-filter#android.intent.action.MAIN+android.intent.category.LAUNCHER
ADDED from src\main\AndroidManifest.xml:30:13-33:29
action#android.intent.action.MAIN
ADDED from src\main\AndroidManifest.xml:31:17-69
	android:name
		ADDED from src\main\AndroidManifest.xml:31:25-66
category#android.intent.category.LAUNCHER
ADDED from src\main\AndroidManifest.xml:32:17-77
	android:name
		ADDED from src\main\AndroidManifest.xml:32:27-74
activity#com.yifengcom.yfposdemo.activity.DeviceInfoActivity
ADDED from src\main\AndroidManifest.xml:37:9-102
	android:screenOrientation
		ADDED from src\main\AndroidManifest.xml:37:63-99
	android:name
		ADDED from src\main\AndroidManifest.xml:37:19-62
activity#com.yifengcom.yfposdemo.activity.GetTimeActivity
ADDED from src\main\AndroidManifest.xml:38:9-99
	android:screenOrientation
		ADDED from src\main\AndroidManifest.xml:38:60-96
	android:name
		ADDED from src\main\AndroidManifest.xml:38:19-59
activity#com.yifengcom.yfposdemo.activity.DisplayActivity
ADDED from src\main\AndroidManifest.xml:39:9-99
	android:screenOrientation
		ADDED from src\main\AndroidManifest.xml:39:60-96
	android:name
		ADDED from src\main\AndroidManifest.xml:39:19-59
activity#com.yifengcom.yfposdemo.activity.PrintActivity
ADDED from src\main\AndroidManifest.xml:40:9-97
	android:screenOrientation
		ADDED from src\main\AndroidManifest.xml:40:58-94
	android:name
		ADDED from src\main\AndroidManifest.xml:40:19-57
activity#com.yifengcom.yfposdemo.activity.ReportActivity
ADDED from src\main\AndroidManifest.xml:41:9-98
	android:screenOrientation
		ADDED from src\main\AndroidManifest.xml:41:59-95
	android:name
		ADDED from src\main\AndroidManifest.xml:41:19-58
activity#com.yifengcom.yfposdemo.activity.SetDataActivity
ADDED from src\main\AndroidManifest.xml:42:9-99
	android:screenOrientation
		ADDED from src\main\AndroidManifest.xml:42:60-96
	android:name
		ADDED from src\main\AndroidManifest.xml:42:19-59
activity#com.yifengcom.yfposdemo.activity.SetTimeActivity
ADDED from src\main\AndroidManifest.xml:43:9-99
	android:screenOrientation
		ADDED from src\main\AndroidManifest.xml:43:60-96
	android:name
		ADDED from src\main\AndroidManifest.xml:43:19-59
activity#com.yifengcom.yfposdemo.activity.CalMacActivity
ADDED from src\main\AndroidManifest.xml:46:9-98
	android:screenOrientation
		ADDED from src\main\AndroidManifest.xml:46:59-95
	android:name
		ADDED from src\main\AndroidManifest.xml:46:19-58
activity#com.yifengcom.yfposdemo.activity.WriteKeyActivity
ADDED from src\main\AndroidManifest.xml:47:9-100
	android:screenOrientation
		ADDED from src\main\AndroidManifest.xml:47:61-97
	android:name
		ADDED from src\main\AndroidManifest.xml:47:19-60
activity#com.yifengcom.yfposdemo.activity.WriteMainKeyActivity
ADDED from src\main\AndroidManifest.xml:48:9-104
	android:screenOrientation
		ADDED from src\main\AndroidManifest.xml:48:65-101
	android:name
		ADDED from src\main\AndroidManifest.xml:48:19-64
activity#com.yifengcom.yfposdemo.activity.ReadMoneyActivity
ADDED from src\main\AndroidManifest.xml:51:9-101
	android:screenOrientation
		ADDED from src\main\AndroidManifest.xml:51:62-98
	android:name
		ADDED from src\main\AndroidManifest.xml:51:19-61
activity#com.yifengcom.yfposdemo.activity.RFCardActivity
ADDED from src\main\AndroidManifest.xml:52:9-98
	android:screenOrientation
		ADDED from src\main\AndroidManifest.xml:52:59-95
	android:name
		ADDED from src\main\AndroidManifest.xml:52:19-58
activity#com.yifengcom.yfposdemo.activity.IdentityAuthentication
ADDED from src\main\AndroidManifest.xml:53:9-105
	android:screenOrientation
		ADDED from src\main\AndroidManifest.xml:53:67-103
	android:name
		ADDED from src\main\AndroidManifest.xml:53:19-66
activity#com.yifengcom.yfposdemo.activity.PSAMActivity
ADDED from src\main\AndroidManifest.xml:54:9-96
	android:screenOrientation
		ADDED from src\main\AndroidManifest.xml:54:57-93
	android:name
		ADDED from src\main\AndroidManifest.xml:54:19-56
activity#com.yifengcom.yfposdemo.activity.KCAActivy
ADDED from src\main\AndroidManifest.xml:55:9-93
	android:screenOrientation
		ADDED from src\main\AndroidManifest.xml:55:54-90
	android:name
		ADDED from src\main\AndroidManifest.xml:55:19-53
activity#com.yifengcom.yfposdemo.activity.TestDestroyActivity
ADDED from src\main\AndroidManifest.xml:56:9-103
	android:screenOrientation
		ADDED from src\main\AndroidManifest.xml:56:64-100
	android:name
		ADDED from src\main\AndroidManifest.xml:56:19-63
activity#com.yifengcom.yfposdemo.activity.WriteSNActivity
ADDED from src\main\AndroidManifest.xml:57:9-99
	android:screenOrientation
		ADDED from src\main\AndroidManifest.xml:57:60-96
	android:name
		ADDED from src\main\AndroidManifest.xml:57:19-59
activity#com.yifengcom.yfposdemo.activity.SetRFIDActivity
ADDED from src\main\AndroidManifest.xml:60:9-99
	android:screenOrientation
		ADDED from src\main\AndroidManifest.xml:60:60-96
	android:name
		ADDED from src\main\AndroidManifest.xml:60:19-59
activity#com.yifengcom.yfposdemo.activity.SetICActivity
ADDED from src\main\AndroidManifest.xml:61:9-97
	android:screenOrientation
		ADDED from src\main\AndroidManifest.xml:61:58-94
	android:name
		ADDED from src\main\AndroidManifest.xml:61:19-57
activity#com.yifengcom.yfposdemo.activity.SetPSAMActivity
ADDED from src\main\AndroidManifest.xml:62:9-159
	android:screenOrientation
		ADDED from src\main\AndroidManifest.xml:62:120-156
	android:windowSoftInputMode
		ADDED from src\main\AndroidManifest.xml:62:60-119
	android:name
		ADDED from src\main\AndroidManifest.xml:62:19-59
activity#com.yifengcom.yfposdemo.activity.TestActivity
ADDED from src\main\AndroidManifest.xml:64:9-70:20
	android:screenOrientation
		ADDED from src\main\AndroidManifest.xml:64:57-93
	android:launchMode
		ADDED from src\main\AndroidManifest.xml:65:13-44
	android:name
		ADDED from src\main\AndroidManifest.xml:64:19-56
intent-filter#android.intent.category.DEFAULT+com.hftcom.elecpayment.payresult
ADDED from src\main\AndroidManifest.xml:66:13-69:29
action#com.hftcom.elecpayment.payresult
ADDED from src\main\AndroidManifest.xml:67:17-74
	android:name
		ADDED from src\main\AndroidManifest.xml:67:25-72
category#android.intent.category.DEFAULT
ADDED from src\main\AndroidManifest.xml:68:17-75
	android:name
		ADDED from src\main\AndroidManifest.xml:68:27-73
activity#com.yifengcom.yfposdemo.activity.PurchaseActivity
ADDED from src\main\AndroidManifest.xml:73:9-100
	android:screenOrientation
		ADDED from src\main\AndroidManifest.xml:73:61-97
	android:name
		ADDED from src\main\AndroidManifest.xml:73:19-60
activity#com.yifengcom.yfposdemo.activity.PurchasePrintActivity
ADDED from src\main\AndroidManifest.xml:74:9-129
	android:screenOrientation
		ADDED from src\main\AndroidManifest.xml:74:66-102
	android:exported
		ADDED from src\main\AndroidManifest.xml:74:103-126
	android:name
		ADDED from src\main\AndroidManifest.xml:74:19-65
receiver#com.yifengcom.yfposdemo.activity.TerminalActivity$sysBroadcastReceiver
ADDED from src\main\AndroidManifest.xml:76:9-80:20
	android:name
		ADDED from src\main\AndroidManifest.xml:76:19-81
intent-filter#com.yifengcom.readcard
ADDED from src\main\AndroidManifest.xml:77:13-79:29
action#com.yifengcom.readcard
ADDED from src\main\AndroidManifest.xml:78:17-64
	android:name
		ADDED from src\main\AndroidManifest.xml:78:25-62